{"D:\\project\\e-library\\src\\App.js": {"path":"D:\\project\\e-library\\src\\App.js","statementMap":{"0":{"start":{"line":18,"column":4},"end":{"line":18,"column":20}},"1":{"start":{"line":22,"column":4},"end":{"line":24,"column":48}},"2":{"start":{"line":23,"column":23},"end":{"line":23,"column":60}},"3":{"start":{"line":24,"column":19},"end":{"line":24,"column":47}},"4":{"start":{"line":28,"column":4},"end":{"line":33,"column":6}},"5":{"start":{"line":29,"column":6},"end":{"line":29,"column":22}},"6":{"start":{"line":30,"column":6},"end":{"line":32,"column":9}},"7":{"start":{"line":30,"column":32},"end":{"line":32,"column":7}},"8":{"start":{"line":31,"column":51},"end":{"line":31,"column":95}},"9":{"start":{"line":37,"column":4},"end":{"line":37,"column":66}},"10":{"start":{"line":41,"column":4},"end":{"line":49,"column":5}},"11":{"start":{"line":42,"column":23},"end":{"line":42,"column":42}},"12":{"start":{"line":43,"column":6},"end":{"line":43,"column":57}},"13":{"start":{"line":44,"column":6},"end":{"line":46,"column":53}},"14":{"start":{"line":45,"column":28},"end":{"line":45,"column":71}},"15":{"start":{"line":46,"column":21},"end":{"line":46,"column":52}},"16":{"start":{"line":48,"column":6},"end":{"line":48,"column":23}},"17":{"start":{"line":53,"column":49},"end":{"line":53,"column":59}},"18":{"start":{"line":54,"column":4},"end":{"line":54,"column":26}},"19":{"start":{"line":54,"column":20},"end":{"line":54,"column":26}},"20":{"start":{"line":55,"column":22},"end":{"line":55,"column":63}},"21":{"start":{"line":56,"column":4},"end":{"line":58,"column":6}},"22":{"start":{"line":57,"column":6},"end":{"line":57,"column":73}},"23":{"start":{"line":62,"column":4},"end":{"line":94,"column":5}},"24":{"start":{"line":70,"column":16},"end":{"line":73,"column":18}},"25":{"start":{"line":79,"column":16},"end":{"line":88,"column":18}},"26":{"start":{"line":84,"column":32},"end":{"line":84,"column":48}},"27":{"start":{"line":85,"column":32},"end":{"line":85,"column":49}}},"fnMap":{"0":{"name":"(anonymous_0)","decl":{"start":{"line":17,"column":2},"end":{"line":17,"column":3}},"loc":{"start":{"line":17,"column":22},"end":{"line":19,"column":3}},"line":17},"1":{"name":"(anonymous_1)","decl":{"start":{"line":21,"column":14},"end":{"line":21,"column":15}},"loc":{"start":{"line":21,"column":20},"end":{"line":25,"column":3}},"line":21},"2":{"name":"(anonymous_2)","decl":{"start":{"line":23,"column":12},"end":{"line":23,"column":13}},"loc":{"start":{"line":23,"column":23},"end":{"line":23,"column":60}},"line":23},"3":{"name":"(anonymous_3)","decl":{"start":{"line":24,"column":13},"end":{"line":24,"column":14}},"loc":{"start":{"line":24,"column":19},"end":{"line":24,"column":47}},"line":24},"4":{"name":"(anonymous_4)","decl":{"start":{"line":27,"column":16},"end":{"line":27,"column":17}},"loc":{"start":{"line":27,"column":39},"end":{"line":34,"column":3}},"line":27},"5":{"name":"(anonymous_5)","decl":{"start":{"line":28,"column":44},"end":{"line":28,"column":45}},"loc":{"start":{"line":28,"column":50},"end":{"line":33,"column":5}},"line":28},"6":{"name":"(anonymous_6)","decl":{"start":{"line":30,"column":20},"end":{"line":30,"column":21}},"loc":{"start":{"line":30,"column":32},"end":{"line":32,"column":7}},"line":30},"7":{"name":"(anonymous_7)","decl":{"start":{"line":31,"column":45},"end":{"line":31,"column":46}},"loc":{"start":{"line":31,"column":51},"end":{"line":31,"column":95}},"line":31},"8":{"name":"(anonymous_8)","decl":{"start":{"line":36,"column":15},"end":{"line":36,"column":16}},"loc":{"start":{"line":36,"column":21},"end":{"line":38,"column":3}},"line":36},"9":{"name":"(anonymous_9)","decl":{"start":{"line":40,"column":13},"end":{"line":40,"column":14}},"loc":{"start":{"line":40,"column":24},"end":{"line":50,"column":3}},"line":40},"10":{"name":"(anonymous_10)","decl":{"start":{"line":45,"column":14},"end":{"line":45,"column":15}},"loc":{"start":{"line":45,"column":28},"end":{"line":45,"column":71}},"line":45},"11":{"name":"(anonymous_11)","decl":{"start":{"line":46,"column":15},"end":{"line":46,"column":16}},"loc":{"start":{"line":46,"column":21},"end":{"line":46,"column":52}},"line":46},"12":{"name":"(anonymous_12)","decl":{"start":{"line":52,"column":13},"end":{"line":52,"column":14}},"loc":{"start":{"line":52,"column":22},"end":{"line":59,"column":3}},"line":52},"13":{"name":"(anonymous_13)","decl":{"start":{"line":56,"column":57},"end":{"line":56,"column":58}},"loc":{"start":{"line":56,"column":69},"end":{"line":58,"column":5}},"line":56},"14":{"name":"(anonymous_14)","decl":{"start":{"line":61,"column":2},"end":{"line":61,"column":3}},"loc":{"start":{"line":61,"column":11},"end":{"line":95,"column":3}},"line":61},"15":{"name":"(anonymous_15)","decl":{"start":{"line":69,"column":22},"end":{"line":69,"column":23}},"loc":{"start":{"line":70,"column":16},"end":{"line":73,"column":18}},"line":70},"16":{"name":"(anonymous_16)","decl":{"start":{"line":78,"column":22},"end":{"line":78,"column":23}},"loc":{"start":{"line":79,"column":16},"end":{"line":88,"column":18}},"line":79},"17":{"name":"(anonymous_17)","decl":{"start":{"line":84,"column":26},"end":{"line":84,"column":27}},"loc":{"start":{"line":84,"column":32},"end":{"line":84,"column":48}},"line":84},"18":{"name":"(anonymous_18)","decl":{"start":{"line":85,"column":26},"end":{"line":85,"column":27}},"loc":{"start":{"line":85,"column":32},"end":{"line":85,"column":49}},"line":85}},"branchMap":{"0":{"loc":{"start":{"line":23,"column":46},"end":{"line":23,"column":57}},"type":"binary-expr","locations":[{"start":{"line":23,"column":46},"end":{"line":23,"column":51}},{"start":{"line":23,"column":55},"end":{"line":23,"column":57}}],"line":23},"1":{"loc":{"start":{"line":31,"column":19},"end":{"line":31,"column":39}},"type":"binary-expr","locations":[{"start":{"line":31,"column":19},"end":{"line":31,"column":33}},{"start":{"line":31,"column":37},"end":{"line":31,"column":39}}],"line":31},"2":{"loc":{"start":{"line":31,"column":51},"end":{"line":31,"column":95}},"type":"cond-expr","locations":[{"start":{"line":31,"column":76},"end":{"line":31,"column":91}},{"start":{"line":31,"column":94},"end":{"line":31,"column":95}}],"line":31},"3":{"loc":{"start":{"line":41,"column":4},"end":{"line":49,"column":5}},"type":"if","locations":[{"start":{"line":41,"column":4},"end":{"line":49,"column":5}},{"start":{"line":41,"column":4},"end":{"line":49,"column":5}}],"line":41},"4":{"loc":{"start":{"line":41,"column":8},"end":{"line":41,"column":29}},"type":"binary-expr","locations":[{"start":{"line":41,"column":8},"end":{"line":41,"column":13}},{"start":{"line":41,"column":17},"end":{"line":41,"column":29}}],"line":41},"5":{"loc":{"start":{"line":45,"column":54},"end":{"line":45,"column":68}},"type":"binary-expr","locations":[{"start":{"line":45,"column":54},"end":{"line":45,"column":62}},{"start":{"line":45,"column":66},"end":{"line":45,"column":68}}],"line":45},"6":{"loc":{"start":{"line":54,"column":4},"end":{"line":54,"column":26}},"type":"if","locations":[{"start":{"line":54,"column":4},"end":{"line":54,"column":26}},{"start":{"line":54,"column":4},"end":{"line":54,"column":26}}],"line":54},"7":{"loc":{"start":{"line":57,"column":32},"end":{"line":57,"column":46}},"type":"binary-expr","locations":[{"start":{"line":57,"column":32},"end":{"line":57,"column":40}},{"start":{"line":57,"column":44},"end":{"line":57,"column":46}}],"line":57}},"s":{"0":1,"1":1,"2":1,"3":0,"4":0,"5":0,"6":0,"7":0,"8":0,"9":0,"10":0,"11":0,"12":0,"13":0,"14":0,"15":0,"16":0,"17":0,"18":0,"19":0,"20":0,"21":0,"22":0,"23":2,"24":2,"25":0,"26":0,"27":0},"f":{"0":1,"1":1,"2":1,"3":0,"4":0,"5":0,"6":0,"7":0,"8":0,"9":0,"10":0,"11":0,"12":0,"13":0,"14":2,"15":2,"16":0,"17":0,"18":0},"b":{"0":[1,0],"1":[0,0],"2":[0,0],"3":[0,0],"4":[0,0],"5":[0,0],"6":[0,0],"7":[0,0]},"_coverageSchema":"332fd63041d2c1bcb487cc26dd0d5f7d97098a6c","hash":"a227540bbd93f52ac0d79228357d37a334ca1fff"}
,"D:\\project\\e-library\\src\\Book.js": {"path":"D:\\project\\e-library\\src\\Book.js","statementMap":{"0":{"start":{"line":3,"column":13},"end":{"line":46,"column":1}},"1":{"start":{"line":4,"column":12},"end":{"line":4,"column":28}},"2":{"start":{"line":5,"column":16},"end":{"line":5,"column":33}},"3":{"start":{"line":6,"column":16},"end":{"line":6,"column":37}},"4":{"start":{"line":7,"column":18},"end":{"line":7,"column":85}},"5":{"start":{"line":8,"column":21},"end":{"line":8,"column":39}},"6":{"start":{"line":9,"column":23},"end":{"line":9,"column":87}},"7":{"start":{"line":10,"column":18},"end":{"line":10,"column":31}},"8":{"start":{"line":12,"column":25},"end":{"line":19,"column":3}},"9":{"start":{"line":21,"column":2},"end":{"line":45,"column":3}},"10":{"start":{"line":27,"column":49},"end":{"line":27,"column":82}}},"fnMap":{"0":{"name":"(anonymous_0)","decl":{"start":{"line":3,"column":13},"end":{"line":3,"column":14}},"loc":{"start":{"line":3,"column":24},"end":{"line":46,"column":1}},"line":3},"1":{"name":"(anonymous_1)","decl":{"start":{"line":27,"column":44},"end":{"line":27,"column":45}},"loc":{"start":{"line":27,"column":49},"end":{"line":27,"column":82}},"line":27}},"branchMap":{"0":{"loc":{"start":{"line":4,"column":12},"end":{"line":4,"column":28}},"type":"binary-expr","locations":[{"start":{"line":4,"column":12},"end":{"line":4,"column":22}},{"start":{"line":4,"column":26},"end":{"line":4,"column":28}}],"line":4},"1":{"loc":{"start":{"line":5,"column":16},"end":{"line":5,"column":33}},"type":"binary-expr","locations":[{"start":{"line":5,"column":16},"end":{"line":5,"column":23}},{"start":{"line":5,"column":27},"end":{"line":5,"column":33}}],"line":5},"2":{"loc":{"start":{"line":6,"column":16},"end":{"line":6,"column":37}},"type":"binary-expr","locations":[{"start":{"line":6,"column":16},"end":{"line":6,"column":23}},{"start":{"line":6,"column":27},"end":{"line":6,"column":37}}],"line":6},"3":{"loc":{"start":{"line":7,"column":18},"end":{"line":7,"column":85}},"type":"cond-expr","locations":[{"start":{"line":7,"column":45},"end":{"line":7,"column":65}},{"start":{"line":7,"column":69},"end":{"line":7,"column":84}}],"line":7},"4":{"loc":{"start":{"line":7,"column":69},"end":{"line":7,"column":84}},"type":"binary-expr","locations":[{"start":{"line":7,"column":69},"end":{"line":7,"column":78}},{"start":{"line":7,"column":82},"end":{"line":7,"column":84}}],"line":7},"5":{"loc":{"start":{"line":8,"column":21},"end":{"line":8,"column":39}},"type":"binary-expr","locations":[{"start":{"line":8,"column":21},"end":{"line":8,"column":33}},{"start":{"line":8,"column":37},"end":{"line":8,"column":39}}],"line":8},"6":{"loc":{"start":{"line":9,"column":23},"end":{"line":9,"column":87}},"type":"cond-expr","locations":[{"start":{"line":9,"column":62},"end":{"line":9,"column":82}},{"start":{"line":9,"column":85},"end":{"line":9,"column":87}}],"line":9},"7":{"loc":{"start":{"line":9,"column":24},"end":{"line":9,"column":58}},"type":"binary-expr","locations":[{"start":{"line":9,"column":24},"end":{"line":9,"column":34}},{"start":{"line":9,"column":38},"end":{"line":9,"column":58}}],"line":9},"8":{"loc":{"start":{"line":15,"column":21},"end":{"line":15,"column":72}},"type":"cond-expr","locations":[{"start":{"line":15,"column":36},"end":{"line":15,"column":63}},{"start":{"line":15,"column":66},"end":{"line":15,"column":72}}],"line":15},"9":{"loc":{"start":{"line":16,"column":21},"end":{"line":16,"column":61}},"type":"cond-expr","locations":[{"start":{"line":16,"column":36},"end":{"line":16,"column":49}},{"start":{"line":16,"column":52},"end":{"line":16,"column":61}}],"line":16},"10":{"loc":{"start":{"line":38,"column":9},"end":{"line":42,"column":16}},"type":"cond-expr","locations":[{"start":{"line":39,"column":10},"end":{"line":41,"column":16}},{"start":{"line":42,"column":12},"end":{"line":42,"column":16}}],"line":38}},"s":{"0":1,"1":0,"2":0,"3":0,"4":0,"5":0,"6":0,"7":0,"8":0,"9":0,"10":0},"f":{"0":0,"1":0},"b":{"0":[0,0],"1":[0,0],"2":[0,0],"3":[0,0],"4":[0,0],"5":[0,0],"6":[0,0],"7":[0,0],"8":[0,0],"9":[0,0],"10":[0,0]},"_coverageSchema":"332fd63041d2c1bcb487cc26dd0d5f7d97098a6c","hash":"5d6051052d3bfc9705c858cc8a8593f61788ee0e"}
,"D:\\project\\e-library\\src\\BookShelf.js": {"path":"D:\\project\\e-library\\src\\BookShelf.js","statementMap":{"0":{"start":{"line":7,"column":17},"end":{"line":7,"column":74}},"1":{"start":{"line":7,"column":53},"end":{"line":7,"column":73}},"2":{"start":{"line":8,"column":4},"end":{"line":25,"column":5}},"3":{"start":{"line":19,"column":16},"end":{"line":19,"column":75}},"4":{"start":{"line":29,"column":4},"end":{"line":45,"column":5}}},"fnMap":{"0":{"name":"(anonymous_0)","decl":{"start":{"line":6,"column":2},"end":{"line":6,"column":3}},"loc":{"start":{"line":6,"column":35},"end":{"line":26,"column":3}},"line":6},"1":{"name":"(anonymous_1)","decl":{"start":{"line":7,"column":48},"end":{"line":7,"column":49}},"loc":{"start":{"line":7,"column":53},"end":{"line":7,"column":73}},"line":7},"2":{"name":"(anonymous_2)","decl":{"start":{"line":18,"column":24},"end":{"line":18,"column":25}},"loc":{"start":{"line":19,"column":16},"end":{"line":19,"column":75}},"line":19},"3":{"name":"(anonymous_3)","decl":{"start":{"line":28,"column":2},"end":{"line":28,"column":3}},"loc":{"start":{"line":28,"column":11},"end":{"line":46,"column":3}},"line":28}},"branchMap":{"0":{"loc":{"start":{"line":7,"column":18},"end":{"line":7,"column":39}},"type":"binary-expr","locations":[{"start":{"line":7,"column":18},"end":{"line":7,"column":33}},{"start":{"line":7,"column":37},"end":{"line":7,"column":39}}],"line":7},"1":{"loc":{"start":{"line":12,"column":11},"end":{"line":22,"column":11}},"type":"cond-expr","locations":[{"start":{"line":13,"column":12},"end":{"line":15,"column":18}},{"start":{"line":17,"column":12},"end":{"line":21,"column":17}}],"line":12}},"s":{"0":6,"1":0,"2":6,"3":0,"4":2},"f":{"0":6,"1":0,"2":0,"3":2},"b":{"0":[6,0],"1":[6,0]},"_coverageSchema":"332fd63041d2c1bcb487cc26dd0d5f7d97098a6c","hash":"42a53b3dc454a5da49135b5bdb80f6ec4a1d5103"}
,"D:\\project\\e-library\\src\\BooksAPI.js": {"path":"D:\\project\\e-library\\src\\BooksAPI.js","statementMap":{"0":{"start":{"line":3,"column":15},"end":{"line":3,"column":60}},"1":{"start":{"line":4,"column":18},"end":{"line":4,"column":35}},"2":{"start":{"line":8,"column":2},"end":{"line":10,"column":4}},"3":{"start":{"line":13,"column":2},"end":{"line":13,"column":26}},"4":{"start":{"line":13,"column":16},"end":{"line":13,"column":26}},"5":{"start":{"line":14,"column":10},"end":{"line":14,"column":22}},"6":{"start":{"line":15,"column":2},"end":{"line":15,"column":36}},"7":{"start":{"line":16,"column":2},"end":{"line":16,"column":21}},"8":{"start":{"line":20,"column":2},"end":{"line":24,"column":3}},"9":{"start":{"line":21,"column":4},"end":{"line":21,"column":60}},"10":{"start":{"line":23,"column":4},"end":{"line":23,"column":13}},"11":{"start":{"line":28,"column":2},"end":{"line":28,"column":54}},"12":{"start":{"line":32,"column":12},"end":{"line":32,"column":22}},"13":{"start":{"line":33,"column":15},"end":{"line":33,"column":33}},"14":{"start":{"line":34,"column":14},"end":{"line":34,"column":35}},"15":{"start":{"line":36,"column":2},"end":{"line":43,"column":3}},"16":{"start":{"line":46,"column":19},"end":{"line":53,"column":1}},"17":{"start":{"line":47,"column":14},"end":{"line":47,"column":57}},"18":{"start":{"line":48,"column":15},"end":{"line":48,"column":31}},"19":{"start":{"line":49,"column":15},"end":{"line":49,"column":36}},"20":{"start":{"line":50,"column":18},"end":{"line":50,"column":31}},"21":{"start":{"line":51,"column":2},"end":{"line":51,"column":41}},"22":{"start":{"line":52,"column":2},"end":{"line":52,"column":13}},"23":{"start":{"line":55,"column":22},"end":{"line":61,"column":1}},"24":{"start":{"line":56,"column":18},"end":{"line":56,"column":31}},"25":{"start":{"line":57,"column":14},"end":{"line":57,"column":34}},"26":{"start":{"line":58,"column":2},"end":{"line":58,"column":33}},"27":{"start":{"line":58,"column":24},"end":{"line":58,"column":33}},"28":{"start":{"line":59,"column":16},"end":{"line":59,"column":75}},"29":{"start":{"line":59,"column":48},"end":{"line":59,"column":73}},"30":{"start":{"line":59,"column":68},"end":{"line":59,"column":72}},"31":{"start":{"line":60,"column":2},"end":{"line":60,"column":83}},"32":{"start":{"line":60,"column":41},"end":{"line":60,"column":81}},"33":{"start":{"line":63,"column":22},"end":{"line":69,"column":1}},"34":{"start":{"line":64,"column":18},"end":{"line":64,"column":31}},"35":{"start":{"line":65,"column":2},"end":{"line":66,"column":31}},"36":{"start":{"line":65,"column":24},"end":{"line":65,"column":47}},"37":{"start":{"line":66,"column":7},"end":{"line":66,"column":31}},"38":{"start":{"line":67,"column":2},"end":{"line":67,"column":22}},"39":{"start":{"line":68,"column":2},"end":{"line":68,"column":20}},"40":{"start":{"line":71,"column":22},"end":{"line":84,"column":1}},"41":{"start":{"line":72,"column":2},"end":{"line":72,"column":40}},"42":{"start":{"line":72,"column":31},"end":{"line":72,"column":40}},"43":{"start":{"line":73,"column":17},"end":{"line":78,"column":4}},"44":{"start":{"line":79,"column":14},"end":{"line":79,"column":68}},"45":{"start":{"line":80,"column":15},"end":{"line":80,"column":31}},"46":{"start":{"line":81,"column":16},"end":{"line":81,"column":59}},"47":{"start":{"line":82,"column":18},"end":{"line":82,"column":31}},"48":{"start":{"line":83,"column":2},"end":{"line":83,"column":88}},"49":{"start":{"line":83,"column":46},"end":{"line":83,"column":86}}},"fnMap":{"0":{"name":"withKey","decl":{"start":{"line":12,"column":9},"end":{"line":12,"column":16}},"loc":{"start":{"line":12,"column":22},"end":{"line":17,"column":1}},"line":12},"1":{"name":"loadShelves","decl":{"start":{"line":19,"column":9},"end":{"line":19,"column":20}},"loc":{"start":{"line":19,"column":23},"end":{"line":25,"column":1}},"line":19},"2":{"name":"saveShelves","decl":{"start":{"line":27,"column":9},"end":{"line":27,"column":20}},"loc":{"start":{"line":27,"column":26},"end":{"line":29,"column":1}},"line":27},"3":{"name":"normalizeVolume","decl":{"start":{"line":31,"column":9},"end":{"line":31,"column":24}},"loc":{"start":{"line":31,"column":31},"end":{"line":44,"column":1}},"line":31},"4":{"name":"(anonymous_4)","decl":{"start":{"line":46,"column":19},"end":{"line":46,"column":20}},"loc":{"start":{"line":46,"column":37},"end":{"line":53,"column":1}},"line":46},"5":{"name":"(anonymous_5)","decl":{"start":{"line":55,"column":22},"end":{"line":55,"column":23}},"loc":{"start":{"line":55,"column":34},"end":{"line":61,"column":1}},"line":55},"6":{"name":"(anonymous_6)","decl":{"start":{"line":59,"column":42},"end":{"line":59,"column":43}},"loc":{"start":{"line":59,"column":48},"end":{"line":59,"column":73}},"line":59},"7":{"name":"(anonymous_7)","decl":{"start":{"line":59,"column":62},"end":{"line":59,"column":63}},"loc":{"start":{"line":59,"column":68},"end":{"line":59,"column":72}},"line":59},"8":{"name":"(anonymous_8)","decl":{"start":{"line":60,"column":35},"end":{"line":60,"column":36}},"loc":{"start":{"line":60,"column":41},"end":{"line":60,"column":81}},"line":60},"9":{"name":"(anonymous_9)","decl":{"start":{"line":63,"column":22},"end":{"line":63,"column":23}},"loc":{"start":{"line":63,"column":45},"end":{"line":69,"column":1}},"line":63},"10":{"name":"(anonymous_10)","decl":{"start":{"line":71,"column":22},"end":{"line":71,"column":23}},"loc":{"start":{"line":71,"column":72},"end":{"line":84,"column":1}},"line":71},"11":{"name":"(anonymous_11)","decl":{"start":{"line":83,"column":40},"end":{"line":83,"column":41}},"loc":{"start":{"line":83,"column":46},"end":{"line":83,"column":86}},"line":83}},"branchMap":{"0":{"loc":{"start":{"line":8,"column":2},"end":{"line":10,"column":4}},"type":"binary-expr","locations":[{"start":{"line":8,"column":3},"end":{"line":8,"column":33}},{"start":{"line":8,"column":37},"end":{"line":8,"column":48}},{"start":{"line":8,"column":52},"end":{"line":8,"column":88}},{"start":{"line":9,"column":3},"end":{"line":9,"column":32}},{"start":{"line":9,"column":36},"end":{"line":9,"column":57}},{"start":{"line":10,"column":2},"end":{"line":10,"column":4}}],"line":8},"1":{"loc":{"start":{"line":13,"column":2},"end":{"line":13,"column":26}},"type":"if","locations":[{"start":{"line":13,"column":2},"end":{"line":13,"column":26}},{"start":{"line":13,"column":2},"end":{"line":13,"column":26}}],"line":13},"2":{"loc":{"start":{"line":21,"column":11},"end":{"line":21,"column":60}},"type":"binary-expr","locations":[{"start":{"line":21,"column":11},"end":{"line":21,"column":54}},{"start":{"line":21,"column":58},"end":{"line":21,"column":60}}],"line":21},"3":{"loc":{"start":{"line":32,"column":12},"end":{"line":32,"column":22}},"type":"binary-expr","locations":[{"start":{"line":32,"column":12},"end":{"line":32,"column":16}},{"start":{"line":32,"column":20},"end":{"line":32,"column":22}}],"line":32},"4":{"loc":{"start":{"line":33,"column":15},"end":{"line":33,"column":33}},"type":"binary-expr","locations":[{"start":{"line":33,"column":15},"end":{"line":33,"column":27}},{"start":{"line":33,"column":31},"end":{"line":33,"column":33}}],"line":33},"5":{"loc":{"start":{"line":34,"column":14},"end":{"line":34,"column":35}},"type":"binary-expr","locations":[{"start":{"line":34,"column":14},"end":{"line":34,"column":29}},{"start":{"line":34,"column":33},"end":{"line":34,"column":35}}],"line":34},"6":{"loc":{"start":{"line":38,"column":11},"end":{"line":38,"column":35}},"type":"binary-expr","locations":[{"start":{"line":38,"column":11},"end":{"line":38,"column":21}},{"start":{"line":38,"column":25},"end":{"line":38,"column":35}}],"line":38},"7":{"loc":{"start":{"line":39,"column":13},"end":{"line":39,"column":94}},"type":"cond-expr","locations":[{"start":{"line":39,"column":43},"end":{"line":39,"column":55}},{"start":{"line":39,"column":59},"end":{"line":39,"column":93}}],"line":39},"8":{"loc":{"start":{"line":39,"column":59},"end":{"line":39,"column":93}},"type":"cond-expr","locations":[{"start":{"line":39,"column":74},"end":{"line":39,"column":88}},{"start":{"line":39,"column":91},"end":{"line":39,"column":93}}],"line":39},"9":{"loc":{"start":{"line":40,"column":29},"end":{"line":40,"column":88}},"type":"binary-expr","locations":[{"start":{"line":40,"column":30},"end":{"line":40,"column":33}},{"start":{"line":40,"column":37},"end":{"line":40,"column":50}},{"start":{"line":40,"column":56},"end":{"line":40,"column":59}},{"start":{"line":40,"column":63},"end":{"line":40,"column":81}},{"start":{"line":40,"column":86},"end":{"line":40,"column":88}}],"line":40},"10":{"loc":{"start":{"line":41,"column":17},"end":{"line":41,"column":39}},"type":"binary-expr","locations":[{"start":{"line":41,"column":17},"end":{"line":41,"column":33}},{"start":{"line":41,"column":37},"end":{"line":41,"column":39}}],"line":41},"11":{"loc":{"start":{"line":51,"column":15},"end":{"line":51,"column":41}},"type":"binary-expr","locations":[{"start":{"line":51,"column":15},"end":{"line":51,"column":31}},{"start":{"line":51,"column":35},"end":{"line":51,"column":41}}],"line":51},"12":{"loc":{"start":{"line":58,"column":2},"end":{"line":58,"column":33}},"type":"if","locations":[{"start":{"line":58,"column":2},"end":{"line":58,"column":33}},{"start":{"line":58,"column":2},"end":{"line":58,"column":33}}],"line":58},"13":{"loc":{"start":{"line":60,"column":56},"end":{"line":60,"column":79}},"type":"binary-expr","locations":[{"start":{"line":60,"column":56},"end":{"line":60,"column":69}},{"start":{"line":60,"column":73},"end":{"line":60,"column":79}}],"line":60},"14":{"loc":{"start":{"line":65,"column":2},"end":{"line":66,"column":31}},"type":"if","locations":[{"start":{"line":65,"column":2},"end":{"line":66,"column":31}},{"start":{"line":65,"column":2},"end":{"line":66,"column":31}}],"line":65},"15":{"loc":{"start":{"line":71,"column":36},"end":{"line":71,"column":50}},"type":"default-arg","locations":[{"start":{"line":71,"column":49},"end":{"line":71,"column":50}}],"line":71},"16":{"loc":{"start":{"line":71,"column":52},"end":{"line":71,"column":67}},"type":"default-arg","locations":[{"start":{"line":71,"column":65},"end":{"line":71,"column":67}}],"line":71},"17":{"loc":{"start":{"line":72,"column":2},"end":{"line":72,"column":40}},"type":"if","locations":[{"start":{"line":72,"column":2},"end":{"line":72,"column":40}},{"start":{"line":72,"column":2},"end":{"line":72,"column":40}}],"line":72},"18":{"loc":{"start":{"line":72,"column":6},"end":{"line":72,"column":29}},"type":"binary-expr","locations":[{"start":{"line":72,"column":6},"end":{"line":72,"column":12}},{"start":{"line":72,"column":16},"end":{"line":72,"column":29}}],"line":72},"19":{"loc":{"start":{"line":81,"column":16},"end":{"line":81,"column":59}},"type":"cond-expr","locations":[{"start":{"line":81,"column":44},"end":{"line":81,"column":54}},{"start":{"line":81,"column":57},"end":{"line":81,"column":59}}],"line":81},"20":{"loc":{"start":{"line":83,"column":61},"end":{"line":83,"column":84}},"type":"binary-expr","locations":[{"start":{"line":83,"column":61},"end":{"line":83,"column":74}},{"start":{"line":83,"column":78},"end":{"line":83,"column":84}}],"line":83}},"s":{"0":1,"1":1,"2":1,"3":0,"4":0,"5":0,"6":0,"7":0,"8":1,"9":1,"10":1,"11":0,"12":0,"13":0,"14":0,"15":0,"16":1,"17":0,"18":0,"19":0,"20":0,"21":0,"22":0,"23":1,"24":1,"25":1,"26":1,"27":1,"28":0,"29":0,"30":0,"31":0,"32":0,"33":1,"34":0,"35":0,"36":0,"37":0,"38":0,"39":0,"40":1,"41":0,"42":0,"43":0,"44":0,"45":0,"46":0,"47":0,"48":0,"49":0},"f":{"0":0,"1":1,"2":0,"3":0,"4":0,"5":1,"6":0,"7":0,"8":0,"9":0,"10":0,"11":0},"b":{"0":[1,1,1,0,0,0],"1":[0,0],"2":[1,0],"3":[0,0],"4":[0,0],"5":[0,0],"6":[0,0],"7":[0,0],"8":[0,0],"9":[0,0,0,0,0],"10":[0,0],"11":[0,0],"12":[1,0],"13":[0,0],"14":[0,0],"15":[0],"16":[0],"17":[0,0],"18":[0,0],"19":[0,0],"20":[0,0]},"_coverageSchema":"332fd63041d2c1bcb487cc26dd0d5f7d97098a6c","hash":"20e926f83e8363afb3b0b97b576bc7b41dade5c0"}
,"D:\\project\\e-library\\src\\SearchBooks.js": {"path":"D:\\project\\e-library\\src\\SearchBooks.js","statementMap":{"0":{"start":{"line":10,"column":4},"end":{"line":10,"column":28}},"1":{"start":{"line":11,"column":4},"end":{"line":11,"column":28}},"2":{"start":{"line":12,"column":4},"end":{"line":14,"column":11}},"3":{"start":{"line":13,"column":6},"end":{"line":13,"column":32}},"4":{"start":{"line":18,"column":4},"end":{"line":18,"column":28}},"5":{"start":{"line":23,"column":4},"end":{"line":23,"column":36}},"6":{"start":{"line":24,"column":4},"end":{"line":26,"column":5}},"7":{"start":{"line":25,"column":6},"end":{"line":25,"column":34}},"8":{"start":{"line":30,"column":18},"end":{"line":30,"column":71}},"9":{"start":{"line":31,"column":4},"end":{"line":62,"column":5}},"10":{"start":{"line":39,"column":31},"end":{"line":39,"column":63}},"11":{"start":{"line":48,"column":14},"end":{"line":52,"column":16}}},"fnMap":{"0":{"name":"(anonymous_0)","decl":{"start":{"line":9,"column":16},"end":{"line":9,"column":17}},"loc":{"start":{"line":9,"column":27},"end":{"line":15,"column":3}},"line":9},"1":{"name":"(anonymous_1)","decl":{"start":{"line":12,"column":28},"end":{"line":12,"column":29}},"loc":{"start":{"line":12,"column":34},"end":{"line":14,"column":5}},"line":12},"2":{"name":"(anonymous_2)","decl":{"start":{"line":17,"column":2},"end":{"line":17,"column":3}},"loc":{"start":{"line":17,"column":25},"end":{"line":19,"column":3}},"line":17},"3":{"name":"(anonymous_3)","decl":{"start":{"line":22,"column":26},"end":{"line":22,"column":27}},"loc":{"start":{"line":22,"column":43},"end":{"line":27,"column":3}},"line":22},"4":{"name":"(anonymous_4)","decl":{"start":{"line":29,"column":2},"end":{"line":29,"column":3}},"loc":{"start":{"line":29,"column":11},"end":{"line":63,"column":3}},"line":29},"5":{"name":"(anonymous_5)","decl":{"start":{"line":39,"column":24},"end":{"line":39,"column":25}},"loc":{"start":{"line":39,"column":31},"end":{"line":39,"column":63}},"line":39},"6":{"name":"(anonymous_6)","decl":{"start":{"line":47,"column":23},"end":{"line":47,"column":24}},"loc":{"start":{"line":48,"column":14},"end":{"line":52,"column":16}},"line":48}},"branchMap":{"0":{"loc":{"start":{"line":24,"column":4},"end":{"line":26,"column":5}},"type":"if","locations":[{"start":{"line":24,"column":4},"end":{"line":26,"column":5}},{"start":{"line":24,"column":4},"end":{"line":26,"column":5}}],"line":24},"1":{"loc":{"start":{"line":24,"column":8},"end":{"line":24,"column":33}},"type":"binary-expr","locations":[{"start":{"line":24,"column":8},"end":{"line":24,"column":13}},{"start":{"line":24,"column":17},"end":{"line":24,"column":33}}],"line":24},"2":{"loc":{"start":{"line":30,"column":18},"end":{"line":30,"column":71}},"type":"cond-expr","locations":[{"start":{"line":30,"column":51},"end":{"line":30,"column":66}},{"start":{"line":30,"column":69},"end":{"line":30,"column":71}}],"line":30}},"s":{"0":0,"1":0,"2":0,"3":0,"4":0,"5":0,"6":0,"7":0,"8":0,"9":0,"10":0,"11":0},"f":{"0":0,"1":0,"2":0,"3":0,"4":0,"5":0,"6":0},"b":{"0":[0,0],"1":[0,0],"2":[0,0]},"_coverageSchema":"332fd63041d2c1bcb487cc26dd0d5f7d97098a6c","hash":"27378e7ee9c7f0c237a12add886f46ac19f9b743"}
,"D:\\project\\e-library\\src\\index.js": {"path":"D:\\project\\e-library\\src\\index.js","statementMap":{"0":{"start":{"line":1,"column":58},"end":{"line":1,"column":97}}},"fnMap":{},"branchMap":{},"s":{"0":0},"f":{},"b":{}}
}
